

b) Analisis de eventos
device_status                                     excellent  faulty  good  killed  unknown  warning
mission                              device_type                                                   
0d00a622-8d88-4d3c-9909-6ce24743d28a unknown            NaN     NaN   NaN     NaN     11.0      NaN
ColonyMoon                           Naves              NaN     NaN   1.0     NaN      NaN      NaN
                                     Satelites          NaN     NaN   NaN     1.0      NaN      1.0
                                     Trajes             NaN     1.0   NaN     1.0      NaN      NaN
GalaxyTwo                            Trajes             1.0     1.0   NaN     NaN      1.0      1.0
                                     Vehiculos          1.0     NaN   NaN     NaN      NaN      NaN
OrbitOne                             Naves              1.0     NaN   1.0     1.0      NaN      2.0
                                     Vehiculos          1.0     1.0   NaN     1.0      NaN      NaN
VacMars                              Naves              1.0     NaN   1.0     1.0      NaN      NaN
                                     Satelites          1.0     1.0   NaN     NaN      NaN      NaN
                                     Trajes             1.0     NaN   1.0     NaN      NaN      NaN
                                     Vehiculos          NaN     NaN   NaN     NaN      1.0      NaN

c) Gestion de desconexiones
device_type                           Trajes  Vehiculos  unknown
mission                                                         
0d00a622-8d88-4d3c-9909-6ce24743d28a     NaN        NaN     11.0
GalaxyTwo                                1.0        NaN      NaN
VacMars                                  NaN        1.0      NaN

d) Consolidacion de misiones
mission
0d00a622-8d88-4d3c-9909-6ce24743d28a    11
ColonyMoon                               3
GalaxyTwo                                2
OrbitOne                                 3
VacMars                                  3

e) Calculo de porcentajes
device_type                               Naves  Satelites     Trajes  Vehiculos   unknown
mission                                                                                   
0d00a622-8d88-4d3c-9909-6ce24743d28a        NaN        NaN        NaN        NaN  29.72973
ColonyMoon                             2.702703   5.405405   5.405405        NaN       NaN
GalaxyTwo                                   NaN        NaN  10.810811   2.702703       NaN
OrbitOne                              13.513514        NaN        NaN   8.108108       NaN
VacMars                                8.108108   5.405405   5.405405   2.702703       NaN