

b) Analisis de eventos
device_status                                     excellent  faulty  good  killed  unknown  warning
mission                              device_type                                                   
5b7a56d7-4468-4f41-a6c4-e1b0569f8212 unknown            NaN     NaN   NaN     NaN     16.0      NaN
ColonyMoon                           Naves              1.0     1.0   1.0     1.0      NaN      NaN
                                     Satelites          1.0     1.0   NaN     NaN      NaN      1.0
                                     Trajes             2.0     1.0   2.0     NaN      1.0      NaN
                                     Vehiculos          1.0     NaN   NaN     NaN      NaN      NaN
GalaxyTwo                            Naves              2.0     1.0   1.0     NaN      1.0      1.0
                                     Satelites          NaN     NaN   2.0     1.0      1.0      NaN
                                     Trajes             1.0     3.0   NaN     2.0      NaN      1.0
                                     Vehiculos          NaN     NaN   1.0     NaN      1.0      1.0
OrbitOne                             Naves              NaN     1.0   NaN     NaN      1.0      NaN
                                     Satelites          2.0     2.0   1.0     NaN      NaN      NaN
                                     Trajes             NaN     NaN   1.0     1.0      NaN      1.0
                                     Vehiculos          NaN     NaN   1.0     NaN      NaN      1.0
VacMars                              Naves              NaN     1.0   NaN     NaN      NaN      NaN
                                     Satelites          NaN     1.0   NaN     NaN      1.0      NaN
                                     Trajes             1.0     NaN   NaN     NaN      1.0      1.0
                                     Vehiculos          2.0     NaN   1.0     1.0      2.0      1.0

c) Gestion de desconexiones
device_type                           Naves  Satelites  Trajes  Vehiculos  unknown
mission                                                                           
5b7a56d7-4468-4f41-a6c4-e1b0569f8212    NaN        NaN     NaN        NaN     16.0
ColonyMoon                              NaN        NaN     1.0        NaN      NaN
GalaxyTwo                               1.0        1.0     NaN        1.0      NaN
OrbitOne                                1.0        NaN     NaN        NaN      NaN
VacMars                                 NaN        1.0     1.0        2.0      NaN

d) Consolidacion de misiones
mission
5b7a56d7-4468-4f41-a6c4-e1b0569f8212    16
ColonyMoon                               5
GalaxyTwo                               10
OrbitOne                                 5
VacMars                                  7

e) Calculo de porcentajes
device_type                              Naves  Satelites    Trajes  Vehiculos    unknown
mission                                                                                  
5b7a56d7-4468-4f41-a6c4-e1b0569f8212       NaN        NaN       NaN        NaN  21.333333
ColonyMoon                            5.333333   4.000000  8.000000   1.333333        NaN
GalaxyTwo                             8.000000   5.333333  9.333333   4.000000        NaN
OrbitOne                              2.666667   6.666667  4.000000   2.666667        NaN
VacMars                               1.333333   2.666667  4.000000   9.333333        NaN