

b) Analisis de eventos
device_status                                     excellent  faulty  good  killed  unknown  warning
mission                              device_type                                                   
4d99f107-dcf6-4a25-bc66-5b213d4261fa unknown            NaN     NaN   NaN     NaN      7.0      NaN
ColonyMoon                           Naves              NaN     NaN   NaN     NaN      3.0      NaN
                                     Satelites          NaN     1.0   NaN     NaN      NaN      1.0
                                     Trajes             NaN     NaN   NaN     NaN      NaN      1.0
GalaxyTwo                            Naves              NaN     1.0   NaN     NaN      NaN      1.0
                                     Satelites          NaN     1.0   NaN     NaN      NaN      NaN
                                     Trajes             NaN     NaN   NaN     NaN      NaN      1.0
                                     Vehiculos          NaN     NaN   1.0     1.0      NaN      1.0
OrbitOne                             Satelites          NaN     1.0   NaN     NaN      1.0      NaN
                                     Trajes             NaN     NaN   NaN     NaN      1.0      NaN
VacMars                              Naves              1.0     NaN   NaN     NaN      NaN      1.0
                                     Satelites          NaN     1.0   NaN     NaN      NaN      1.0
                                     Vehiculos          NaN     NaN   NaN     1.0      NaN      NaN

c) Gestion de desconexiones
device_type                           Naves  Satelites  Trajes  unknown
mission                                                                
4d99f107-dcf6-4a25-bc66-5b213d4261fa    NaN        NaN     NaN      7.0
ColonyMoon                              3.0        NaN     NaN      NaN
OrbitOne                                NaN        1.0     1.0      NaN

d) Consolidacion de misiones
mission
4d99f107-dcf6-4a25-bc66-5b213d4261fa    7
ColonyMoon                              4
GalaxyTwo                               3
OrbitOne                                3
VacMars                                 2

e) Calculo de porcentajes
device_type                               Naves  Satelites    Trajes  Vehiculos  unknown
mission                                                                                 
4d99f107-dcf6-4a25-bc66-5b213d4261fa        NaN        NaN       NaN        NaN     25.0
ColonyMoon                            10.714286   7.142857  3.571429        NaN      NaN
GalaxyTwo                              7.142857   3.571429  3.571429  10.714286      NaN
OrbitOne                                    NaN   7.142857  3.571429        NaN      NaN
VacMars                                7.142857   7.142857       NaN   3.571429      NaN