

b) Analisis de eventos
device_status                                     excellent  faulty  good  killed  unknown  warning
mission                              device_type                                                   
20402800-8b6a-4f2b-ae62-2af9d13092e6 unknown            NaN     NaN   NaN     NaN      4.0      NaN
ColonyMoon                           Naves              NaN     NaN   NaN     1.0      1.0      NaN
                                     Satelites          NaN     NaN   NaN     NaN      NaN      1.0
                                     Vehiculos          NaN     NaN   1.0     NaN      1.0      NaN
OrbitOne                             Naves              NaN     NaN   NaN     2.0      NaN      NaN
                                     Trajes             NaN     NaN   NaN     NaN      1.0      NaN
VacMars                              Naves              NaN     NaN   NaN     2.0      NaN      NaN
                                     Satelites          1.0     1.0   NaN     NaN      1.0      NaN
                                     Trajes             1.0     NaN   1.0     3.0      NaN      NaN
                                     Vehiculos          2.0     NaN   1.0     NaN      NaN      NaN

c) Gestion de desconexiones
device_type                           Naves  Satelites  Trajes  Vehiculos  unknown
mission                                                                           
20402800-8b6a-4f2b-ae62-2af9d13092e6    NaN        NaN     NaN        NaN      4.0
ColonyMoon                              1.0        NaN     NaN        1.0      NaN
OrbitOne                                NaN        NaN     1.0        NaN      NaN
VacMars                                 NaN        1.0     NaN        NaN      NaN

d) Consolidacion de misiones
mission
20402800-8b6a-4f2b-ae62-2af9d13092e6    4
ColonyMoon                              3
OrbitOne                                3
VacMars                                 7

e) Calculo de porcentajes
device_type                           Naves  Satelites  Trajes  Vehiculos  unknown
mission                                                                           
20402800-8b6a-4f2b-ae62-2af9d13092e6    NaN        NaN     NaN        NaN     16.0
ColonyMoon                              8.0        4.0     NaN        8.0      NaN
OrbitOne                                8.0        NaN     4.0        NaN      NaN
VacMars                                 8.0       12.0    20.0       12.0      NaN